\BOOKMARK [0][-]{chapter.1}{Introduction}{}% 1
\BOOKMARK [1][-]{section.1.1}{Prefix}{chapter.1}% 2
\BOOKMARK [1][-]{section.1.2}{Motivation}{chapter.1}% 3
\BOOKMARK [1][-]{section.1.3}{Community ecology}{chapter.1}% 4
\BOOKMARK [2][-]{subsection.1.3.1}{Species interactions}{section.1.3}% 5
\BOOKMARK [2][-]{subsection.1.3.2}{The role of structure}{section.1.3}% 6
\BOOKMARK [2][-]{subsection.1.3.3}{Network generation}{section.1.3}% 7
\BOOKMARK [1][-]{section.1.4}{Habitat loss}{chapter.1}% 8
\BOOKMARK [2][-]{subsection.1.4.1}{Habitat loss}{section.1.4}% 9
\BOOKMARK [2][-]{subsection.1.4.2}{Communities of single and multiple interaction types}{section.1.4}% 10
\BOOKMARK [2][-]{subsection.1.4.3}{Spatially explicit model and metrics}{section.1.4}% 11
\BOOKMARK [2][-]{subsection.1.4.4}{Modelling Habitat Loss}{section.1.4}% 12
\BOOKMARK [2][-]{subsection.1.4.5}{The effects of habitat loss}{section.1.4}% 13
\BOOKMARK [0][-]{chapter.2}{Habitat loss: Modelling approach}{}% 14
\BOOKMARK [1][-]{section.2.1}{Context \(temp\)}{chapter.2}% 15
\BOOKMARK [1][-]{section.2.2}{Agent based simulation}{chapter.2}% 16
\BOOKMARK [2][-]{subsection.2.2.1}{The interaction network}{section.2.2}% 17
\BOOKMARK [3][-]{subsubsection.2.2.1.1}{The niche model}{subsection.2.2.1}% 18
\BOOKMARK [3][-]{subsubsection.2.2.1.2}{Link Replacement}{subsection.2.2.1}% 19
\BOOKMARK [2][-]{subsection.2.2.2}{Model specification}{section.2.2}% 20
\BOOKMARK [3][-]{subsubsection.2.2.2.1}{Celluar-automata rules}{subsection.2.2.2}% 21
\BOOKMARK [3][-]{subsubsection.2.2.2.2}{Model Parameters}{subsection.2.2.2}% 22
\BOOKMARK [2][-]{subsection.2.2.3}{Modelling habitat loss}{section.2.2}% 23
\BOOKMARK [3][-]{subsubsection.2.2.3.1}{Random Habitat Loss}{subsection.2.2.3}% 24
\BOOKMARK [3][-]{subsubsection.2.2.3.2}{Contiguous Habitat Loss}{subsection.2.2.3}% 25
\BOOKMARK [2][-]{subsection.2.2.4}{Implementation}{section.2.2}% 26
\BOOKMARK [1][-]{section.2.3}{Dynamics of the model}{chapter.2}% 27
\BOOKMARK [2][-]{subsection.2.3.1}{Transience}{section.2.3}% 28
\BOOKMARK [2][-]{subsection.2.3.2}{Long term distribution}{section.2.3}% 29
\BOOKMARK [2][-]{subsection.2.3.3}{Diffusion behaviour}{section.2.3}% 30
\BOOKMARK [1][-]{section.2.4}{Ecological metrics and analysis methods}{chapter.2}% 31
\BOOKMARK [2][-]{subsection.2.4.1}{Biodiversity metrics}{section.2.4}% 32
\BOOKMARK [2][-]{subsection.2.4.2}{Stability metrics}{section.2.4}% 33
\BOOKMARK [2][-]{subsection.2.4.3}{Network metrics}{section.2.4}% 34
\BOOKMARK [2][-]{subsection.2.4.4}{Spatial metrics}{section.2.4}% 35
\BOOKMARK [2][-]{subsection.2.4.5}{Interaction strength metrics}{section.2.4}% 36
\BOOKMARK [0][-]{chapter.3}{Habitat loss with high immigration}{}% 37
\BOOKMARK [1][-]{section.3.1}{Introduction}{chapter.3}% 38
\BOOKMARK [1][-]{section.3.2}{Methods}{chapter.3}% 39
\BOOKMARK [2][-]{subsection.3.2.1}{Simulation procedure}{section.3.2}% 40
\BOOKMARK [2][-]{subsection.3.2.2}{Rank abundance distributions}{section.3.2}% 41
\BOOKMARK [2][-]{subsection.3.2.3}{Sampling and analysis}{section.3.2}% 42
\BOOKMARK [2][-]{subsection.3.2.4}{Invariability}{section.3.2}% 43
\BOOKMARK [1][-]{section.3.3}{Results}{chapter.3}% 44
\BOOKMARK [2][-]{subsection.3.3.1}{Diversity}{section.3.3}% 45
\BOOKMARK [2][-]{subsection.3.3.2}{Network properties}{section.3.3}% 46
\BOOKMARK [2][-]{subsection.3.3.3}{Stability and spatial metrics}{section.3.3}% 47
\BOOKMARK [2][-]{subsection.3.3.4}{Invariability}{section.3.3}% 48
\BOOKMARK [2][-]{subsection.3.3.5}{Synthesis}{section.3.3}% 49
\BOOKMARK [1][-]{section.3.4}{Discussion \(or conclusion?\)}{chapter.3}% 50
\BOOKMARK [0][-]{chapter.4}{Persistence and Stationarity}{}% 51
\BOOKMARK [1][-]{section.4.1}{Introduction}{chapter.4}% 52
\BOOKMARK [1][-]{section.4.2}{Persistence in closed communities}{chapter.4}% 53
\BOOKMARK [2][-]{subsection.4.2.1}{Mutualistic to antagonistic interaction \(MAI\) ratio}{section.4.2}% 54
\BOOKMARK [2][-]{subsection.4.2.2}{Reproduction rate \(RR\)}{section.4.2}% 55
\BOOKMARK [2][-]{subsection.4.2.3}{Landscape size}{section.4.2}% 56
\BOOKMARK [2][-]{subsection.4.2.4}{Number of initial species}{section.4.2}% 57
\BOOKMARK [2][-]{subsection.4.2.5}{Network structure}{section.4.2}% 58
\BOOKMARK [2][-]{subsection.4.2.6}{Discussion}{section.4.2}% 59
\BOOKMARK [1][-]{section.4.3}{Problems with temporal variability}{chapter.4}% 60
\BOOKMARK [2][-]{subsection.4.3.1}{Second-order stationarity}{section.4.3}% 61
\BOOKMARK [3][-]{subsubsection.4.3.1.1}{Tests for stationarity}{subsection.4.3.1}% 62
\BOOKMARK [3][-]{subsubsection.4.3.1.2}{Characterising the tests}{subsection.4.3.1}% 63
\BOOKMARK [3][-]{subsubsection.4.3.1.3}{Stationarity results}{subsection.4.3.1}% 64
\BOOKMARK [2][-]{subsection.4.3.2}{Determinism tests}{section.4.3}% 65
\BOOKMARK [3][-]{subsubsection.4.3.2.1}{Recurrence quantification analysis}{subsection.4.3.2}% 66
\BOOKMARK [3][-]{subsubsection.4.3.2.2}{Results}{subsection.4.3.2}% 67
\BOOKMARK [2][-]{subsection.4.3.3}{Accuracy and repeatability}{section.4.3}% 68
\BOOKMARK [3][-]{subsubsection.4.3.3.1}{Accuracy}{subsection.4.3.3}% 69
\BOOKMARK [3][-]{subsubsection.4.3.3.2}{Repeatability}{subsection.4.3.3}% 70
\BOOKMARK [2][-]{subsection.4.3.4}{Discussion}{section.4.3}% 71
\BOOKMARK [1][-]{section.4.4}{Conclusion}{chapter.4}% 72
\BOOKMARK [0][-]{chapter.5}{Varying Immigration rate}{}% 73
\BOOKMARK [1][-]{section.5.1}{New predictions \(Temp\)}{chapter.5}% 74
\BOOKMARK [1][-]{section.5.2}{Assumptions of what has gone before}{chapter.5}% 75
\BOOKMARK [1][-]{section.5.3}{Literature review for immigration}{chapter.5}% 76
\BOOKMARK [1][-]{section.5.4}{Motivation}{chapter.5}% 77
\BOOKMARK [1][-]{section.5.5}{Exploration of parameter space: habitat loss and immigration}{chapter.5}% 78
\BOOKMARK [2][-]{subsection.5.5.1}{Summary heat-maps}{section.5.5}% 79
\BOOKMARK [2][-]{subsection.5.5.2}{Example dynamics}{section.5.5}% 80
\BOOKMARK [2][-]{subsection.5.5.3}{Relative abundances and abundance distributions}{section.5.5}% 81
\BOOKMARK [2][-]{subsection.5.5.4}{Rank abundance distributions}{section.5.5}% 82
\BOOKMARK [1][-]{section.5.6}{Points for discussion \(Rough Notes\)}{chapter.5}% 83
\BOOKMARK [1][-]{section.5.7}{Habitat loss with low immigration}{chapter.5}% 84
\BOOKMARK [1][-]{section.5.8}{Questions for Alan or Daniel}{chapter.5}% 85
\BOOKMARK [1][-]{section.5.9}{RADS with averaging}{chapter.5}% 86
\BOOKMARK [1][-]{section.5.10}{New results: without vegetarian predators}{chapter.5}% 87
\BOOKMARK [0][-]{chapter.6}{Inferring species interactions}{}% 88
\BOOKMARK [1][-]{section.6.1}{Motivation}{chapter.6}% 89
\BOOKMARK [1][-]{section.6.2}{Methodology}{chapter.6}% 90
\BOOKMARK [2][-]{subsection.6.2.1}{Interaction strength}{section.6.2}% 91
\BOOKMARK [2][-]{subsection.6.2.2}{Population models}{section.6.2}% 92
\BOOKMARK [2][-]{subsection.6.2.3}{Simulation procedure}{section.6.2}% 93
\BOOKMARK [2][-]{subsection.6.2.4}{Numerical estimation method}{section.6.2}% 94
\BOOKMARK [2][-]{subsection.6.2.5}{Examples}{section.6.2}% 95
\BOOKMARK [1][-]{section.6.3}{Results}{chapter.6}% 96
\BOOKMARK [2][-]{subsection.6.3.1}{Linear model}{section.6.3}% 97
\BOOKMARK [2][-]{subsection.6.3.2}{Holling model}{section.6.3}% 98
\BOOKMARK [2][-]{subsection.6.3.3}{Range sampling}{section.6.3}% 99
\BOOKMARK [1][-]{section.6.4}{TEMP : other results}{chapter.6}% 100
\BOOKMARK [1][-]{section.6.5}{Application to IBM \(optional\)}{chapter.6}% 101
\BOOKMARK [2][-]{subsection.6.5.1}{Testing functional response \(and intrinsic growth functions\)}{section.6.5}% 102
\BOOKMARK [2][-]{subsection.6.5.2}{2 Species IBM model}{section.6.5}% 103
\BOOKMARK [2][-]{subsection.6.5.3}{Extend methodology \(3, 4 and 5 species\)}{section.6.5}% 104
\BOOKMARK [2][-]{subsection.6.5.4}{Results}{section.6.5}% 105
\BOOKMARK [2][-]{subsection.6.5.5}{2 species}{section.6.5}% 106
\BOOKMARK [2][-]{subsection.6.5.6}{3 species}{section.6.5}% 107
\BOOKMARK [2][-]{subsection.6.5.7}{5 species}{section.6.5}% 108
\BOOKMARK [1][-]{section.6.6}{Discussion}{chapter.6}% 109
\BOOKMARK [0][-]{section*.20}{Bibliography}{}% 110
