This is pdfTeX, Version 3.14159265-2.6-1.40.15 (TeX Live 2014) (preloaded format=pdflatex 2015.5.18)  20 JAN 2016 10:02
entering extended mode
 restricted \write18 enabled.
 %&-line parsing enabled.
**outline_for_alan.tex
(./outline_for_alan.tex
LaTeX2e <2014/05/01>
Babel <3.9l> and hyphenation patterns for 79 languages loaded.
(/usr/local/texlive/2014/texmf-dist/tex/latex/base/article.cls
Document Class: article 2014/09/29 v1.4h Standard LaTeX document class
(/usr/local/texlive/2014/texmf-dist/tex/latex/base/size12.clo
File: size12.clo 2014/09/29 v1.4h Standard LaTeX file (size option)
)
\c@part=\count79
\c@section=\count80
\c@subsection=\count81
\c@subsubsection=\count82
\c@paragraph=\count83
\c@subparagraph=\count84
\c@figure=\count85
\c@table=\count86
\abovecaptionskip=\skip41
\belowcaptionskip=\skip42
\bibindent=\dimen102
)
(/usr/local/texlive/2014/texmf-dist/tex/latex/graphics/graphicx.sty
Package: graphicx 2014/10/28 v1.0g Enhanced LaTeX Graphics (DPC,SPQR)

(/usr/local/texlive/2014/texmf-dist/tex/latex/graphics/keyval.sty
Package: keyval 2014/10/28 v1.15 key=value parser (DPC)
\KV@toks@=\toks14
)
(/usr/local/texlive/2014/texmf-dist/tex/latex/graphics/graphics.sty
Package: graphics 2014/10/28 v1.0p Standard LaTeX Graphics (DPC,SPQR)

(/usr/local/texlive/2014/texmf-dist/tex/latex/graphics/trig.sty
Package: trig 1999/03/16 v1.09 sin cos tan (DPC)
)
(/usr/local/texlive/2014/texmf-dist/tex/latex/latexconfig/graphics.cfg
File: graphics.cfg 2010/04/23 v1.9 graphics configuration of TeX Live
)
Package graphics Info: Driver file: pdftex.def on input line 91.

(/usr/local/texlive/2014/texmf-dist/tex/latex/pdftex-def/pdftex.def
File: pdftex.def 2011/05/27 v0.06d Graphics/color for pdfTeX

(/usr/local/texlive/2014/texmf-dist/tex/generic/oberdiek/infwarerr.sty
Package: infwarerr 2010/04/08 v1.3 Providing info/warning/error messages (HO)
)
(/usr/local/texlive/2014/texmf-dist/tex/generic/oberdiek/ltxcmds.sty
Package: ltxcmds 2011/11/09 v1.22 LaTeX kernel commands for general use (HO)
)
\Gread@gobject=\count87
))
\Gin@req@height=\dimen103
\Gin@req@width=\dimen104
)
(/usr/local/texlive/2014/texmf-dist/tex/latex/amsfonts/amssymb.sty
Package: amssymb 2013/01/14 v3.01 AMS font symbols

(/usr/local/texlive/2014/texmf-dist/tex/latex/amsfonts/amsfonts.sty
Package: amsfonts 2013/01/14 v3.01 Basic AMSFonts support
\@emptytoks=\toks15
\symAMSa=\mathgroup4
\symAMSb=\mathgroup5
LaTeX Font Info:    Overwriting math alphabet `\mathfrak' in version `bold'
(Font)                  U/euf/m/n --> U/euf/b/n on input line 106.
))
(/usr/local/texlive/2014/texmf-dist/tex/latex/amscls/amsthm.sty
Package: amsthm 2009/07/02 v2.20.1
\thm@style=\toks16
\thm@bodyfont=\toks17
\thm@headfont=\toks18
\thm@notefont=\toks19
\thm@headpunct=\toks20
\thm@preskip=\skip43
\thm@postskip=\skip44
\thm@headsep=\skip45
\dth@everypar=\toks21
)
(./outline_for_alan.aux)
\openout1 = `outline_for_alan.aux'.

LaTeX Font Info:    Checking defaults for OML/cmm/m/it on input line 7.
LaTeX Font Info:    ... okay on input line 7.
LaTeX Font Info:    Checking defaults for T1/cmr/m/n on input line 7.
LaTeX Font Info:    ... okay on input line 7.
LaTeX Font Info:    Checking defaults for OT1/cmr/m/n on input line 7.
LaTeX Font Info:    ... okay on input line 7.
LaTeX Font Info:    Checking defaults for OMS/cmsy/m/n on input line 7.
LaTeX Font Info:    ... okay on input line 7.
LaTeX Font Info:    Checking defaults for OMX/cmex/m/n on input line 7.
LaTeX Font Info:    ... okay on input line 7.
LaTeX Font Info:    Checking defaults for U/cmr/m/n on input line 7.
LaTeX Font Info:    ... okay on input line 7.

(/usr/local/texlive/2014/texmf-dist/tex/context/base/supp-pdf.mkii
[Loading MPS to PDF converter (version 2006.09.02).]
\scratchcounter=\count88
\scratchdimen=\dimen105
\scratchbox=\box26
\nofMPsegments=\count89
\nofMParguments=\count90
\everyMPshowfont=\toks22
\MPscratchCnt=\count91
\MPscratchDim=\dimen106
\MPnumerator=\count92
\makeMPintoPDFobject=\count93
\everyMPtoPDFconversion=\toks23
) (/usr/local/texlive/2014/texmf-dist/tex/generic/oberdiek/pdftexcmds.sty
Package: pdftexcmds 2011/11/29 v0.20 Utility functions of pdfTeX for LuaTeX (HO
)

(/usr/local/texlive/2014/texmf-dist/tex/generic/oberdiek/ifluatex.sty
Package: ifluatex 2010/03/01 v1.3 Provides the ifluatex switch (HO)
Package ifluatex Info: LuaTeX not detected.
)
(/usr/local/texlive/2014/texmf-dist/tex/generic/oberdiek/ifpdf.sty
Package: ifpdf 2011/01/30 v2.3 Provides the ifpdf switch (HO)
Package ifpdf Info: pdfTeX in PDF mode is detected.
)
Package pdftexcmds Info: LuaTeX not detected.
Package pdftexcmds Info: \pdf@primitive is available.
Package pdftexcmds Info: \pdf@ifprimitive is available.
Package pdftexcmds Info: \pdfdraftmode found.
)
(/usr/local/texlive/2014/texmf-dist/tex/latex/oberdiek/epstopdf-base.sty
Package: epstopdf-base 2010/02/09 v2.5 Base part for package epstopdf

(/usr/local/texlive/2014/texmf-dist/tex/latex/oberdiek/grfext.sty
Package: grfext 2010/08/19 v1.1 Manage graphics extensions (HO)

(/usr/local/texlive/2014/texmf-dist/tex/generic/oberdiek/kvdefinekeys.sty
Package: kvdefinekeys 2011/04/07 v1.3 Define keys (HO)
))
(/usr/local/texlive/2014/texmf-dist/tex/latex/oberdiek/kvoptions.sty
Package: kvoptions 2011/06/30 v3.11 Key value format for package options (HO)

(/usr/local/texlive/2014/texmf-dist/tex/generic/oberdiek/kvsetkeys.sty
Package: kvsetkeys 2012/04/25 v1.16 Key value parser (HO)

(/usr/local/texlive/2014/texmf-dist/tex/generic/oberdiek/etexcmds.sty
Package: etexcmds 2011/02/16 v1.5 Avoid name clashes with e-TeX commands (HO)
Package etexcmds Info: Could not find \expanded.
(etexcmds)             That can mean that you are not using pdfTeX 1.50 or
(etexcmds)             that some package has redefined \expanded.
(etexcmds)             In the latter case, load this package earlier.
)))
Package grfext Info: Graphics extension search list:
(grfext)             [.png,.pdf,.jpg,.mps,.jpeg,.jbig2,.jb2,.PNG,.PDF,.JPG,.JPE
G,.JBIG2,.JB2,.eps]
(grfext)             \AppendGraphicsExtensions on input line 452.

(/usr/local/texlive/2014/texmf-dist/tex/latex/latexconfig/epstopdf-sys.cfg
File: epstopdf-sys.cfg 2010/07/13 v1.3 Configuration of (r)epstopdf for TeX Liv
e
))

LaTeX Warning: Reference `sec:s3_model_derivation' on page 1 undefined on input
 line 11.

LaTeX Font Info:    Try loading font information for U+msa on input line 13.
(/usr/local/texlive/2014/texmf-dist/tex/latex/amsfonts/umsa.fd
File: umsa.fd 2013/01/14 v3.01 AMS symbols A
)
LaTeX Font Info:    Try loading font information for U+msb on input line 13.

(/usr/local/texlive/2014/texmf-dist/tex/latex/amsfonts/umsb.fd
File: umsb.fd 2013/01/14 v3.01 AMS symbols B
) [1

{/usr/local/texlive/2014/texmf-var/fonts/map/pdftex/updmap/pdftex.map}]
<figures/example_dynamics_pID_0_and_87_noise_20.000000.png, id=16, 1084.05pt x 
433.62pt>
File: figures/example_dynamics_pID_0_and_87_noise_20.000000.png Graphic file (t
ype png)
 <use figures/example_dynamics_pID_0_and_87_noise_20.000000.png>
Package pdftex.def Info: figures/example_dynamics_pID_0_and_87_noise_20.000000.
png used on input line 51.
(pdftex.def)             Requested size: 390.0pt x 155.99721pt.

<figures/example_dynamics_HII_pID_0_and_1_noise_20.000000.png, id=18, 867.24pt 
x 433.62pt>
File: figures/example_dynamics_HII_pID_0_and_1_noise_20.000000.png Graphic file
 (type png)
 <use figures/example_dynamics_HII_pID_0_and_1_noise_20.000000.png>
Package pdftex.def Info: figures/example_dynamics_HII_pID_0_and_1_noise_20.0000
00.png used on input line 59.
(pdftex.def)             Requested size: 390.0pt x 195.00148pt.

[2 <./figures/example_dynamics_pID_0_and_87_noise_20.000000.png> <./figures/exa
mple_dynamics_HII_pID_0_and_1_noise_20.000000.png>]
Overfull \hbox (33.94981pt too wide) in paragraph at lines 66--66
[]\OT1/cmr/bx/n/17.28 Functional Re-sponses and in-ter-ac-tion strengths 
 []

<figures/FR_example.png, id=24, 722.7pt x 433.62pt>
File: figures/FR_example.png Graphic file (type png)

<use figures/FR_example.png>
Package pdftex.def Info: figures/FR_example.png used on input line 72.
(pdftex.def)             Requested size: 390.0pt x 233.99913pt.
 [3 <./figures/FR_example.png>]
<figures/single_params_v_noise_pID_0_nsamples_100.png, id=29, 1084.05pt x 433.6
2pt>
File: figures/single_params_v_noise_pID_0_nsamples_100.png Graphic file (type p
ng)
 <use figures/single_params_v_noise_pID_0_nsamples_100.png>
Package pdftex.def Info: figures/single_params_v_noise_pID_0_nsamples_100.png u
sed on input line 85.
(pdftex.def)             Requested size: 390.0pt x 155.99721pt.

<figures/single_params_v_noise_pID_0_nsamples_10000.png, id=30, 1084.05pt x 433
.62pt>
File: figures/single_params_v_noise_pID_0_nsamples_10000.png Graphic file (type
 png)
 <use figures/single_params_v_noise_pID_0_nsamples_10000.png>
Package pdftex.def Info: figures/single_params_v_noise_pID_0_nsamples_10000.png
 used on input line 92.
(pdftex.def)             Requested size: 390.0pt x 155.99721pt.
 [4 <./figures/single_params_v_noise_pID_0_nsamples_100.png> <./figures/single_
params_v_noise_pID_0_nsamples_10000.png>]
<figures/single_params_v_nsamples_pID_0_noise_10.000000.png, id=36, 722.7pt x 4
33.62pt>
File: figures/single_params_v_nsamples_pID_0_noise_10.000000.png Graphic file (
type png)
 <use figures/single_params_v_nsamples_pID_0_noise_10.000000.png>
Package pdftex.def Info: figures/single_params_v_nsamples_pID_0_noise_10.000000
.png used on input line 101.
(pdftex.def)             Requested size: 390.0pt x 233.99913pt.

<figures/single_params_v_nsamples_pID_0_noise_50.000000.png, id=37, 722.7pt x 4
33.62pt>
File: figures/single_params_v_nsamples_pID_0_noise_50.000000.png Graphic file (
type png)
 <use figures/single_params_v_nsamples_pID_0_noise_50.000000.png>
Package pdftex.def Info: figures/single_params_v_nsamples_pID_0_noise_50.000000
.png used on input line 108.
(pdftex.def)             Requested size: 390.0pt x 233.99913pt.

[5 <./figures/single_params_v_nsamples_pID_0_noise_10.000000.png> <./figures/si
ngle_params_v_nsamples_pID_0_noise_50.000000.png>]
<figures/ensemble_results_linear_noise_50.000000_nsamples_1000.png, id=43, 867.
24pt x 433.62pt>
File: figures/ensemble_results_linear_noise_50.000000_nsamples_1000.png Graphic
 file (type png)

<use figures/ensemble_results_linear_noise_50.000000_nsamples_1000.png>
Package pdftex.def Info: figures/ensemble_results_linear_noise_50.000000_nsampl
es_1000.png used on input line 117.
(pdftex.def)             Requested size: 390.0pt x 195.00148pt.

<figures/ensemble_results_linear_noise_10.000000_nsamples_10000.png, id=44, 867
.24pt x 433.62pt>
File: figures/ensemble_results_linear_noise_10.000000_nsamples_10000.png Graphi
c file (type png)

<use figures/ensemble_results_linear_noise_10.000000_nsamples_10000.png>
Package pdftex.def Info: figures/ensemble_results_linear_noise_10.000000_nsampl
es_10000.png used on input line 124.
(pdftex.def)             Requested size: 390.0pt x 195.00148pt.

[6 <./figures/ensemble_results_linear_noise_50.000000_nsamples_1000.png> <./fig
ures/ensemble_results_linear_noise_10.000000_nsamples_10000.png>]
<figures/IBM_dynamics.png, id=50, 578.16pt x 433.62pt>
File: figures/IBM_dynamics.png Graphic file (type png)

<use figures/IBM_dynamics.png>
Package pdftex.def Info: figures/IBM_dynamics.png used on input line 134.
(pdftex.def)             Requested size: 234.00238pt x 175.49603pt.

<figures/IBM_FR.png, id=51, 578.16pt x 433.62pt>
File: figures/IBM_FR.png Graphic file (type png)
 <use figures/IBM_FR.png>
Package pdftex.def Info: figures/IBM_FR.png used on input line 141.
(pdftex.def)             Requested size: 234.00238pt x 175.49603pt.

[7 <./figures/IBM_dynamics.png> <./figures/IBM_FR.png>]
<figures/IBM_vs_nsamples.png, id=58, 578.16pt x 433.62pt>
File: figures/IBM_vs_nsamples.png Graphic file (type png)

<use figures/IBM_vs_nsamples.png>
Package pdftex.def Info: figures/IBM_vs_nsamples.png used on input line 150.
(pdftex.def)             Requested size: 390.0pt x 292.4956pt.
 [8 <./figures/IBM_vs_nsamples.png>]
(./outline_for_alan.aux)

LaTeX Warning: There were undefined references.

 ) 
Here is how much of TeX's memory you used:
 1954 strings out of 493109
 29156 string characters out of 6135010
 83904 words of memory out of 5000000
 5393 multiletter control sequences out of 15000+600000
 9545 words of font info for 36 fonts, out of 8000000 for 9000
 1141 hyphenation exceptions out of 8191
 37i,9n,26p,541b,239s stack positions out of 5000i,500n,10000p,200000b,80000s
</usr/local/texlive/2014/texmf-dist/fonts/type1/public/amsfonts/cm/cmbx12.pfb
></usr/local/texlive/2014/texmf-dist/fonts/type1/public/amsfonts/cm/cmmi12.pfb>
</usr/local/texlive/2014/texmf-dist/fonts/type1/public/amsfonts/cm/cmmi8.pfb></
usr/local/texlive/2014/texmf-dist/fonts/type1/public/amsfonts/cm/cmr12.pfb></us
r/local/texlive/2014/texmf-dist/fonts/type1/public/amsfonts/cm/cmr6.pfb></usr/l
ocal/texlive/2014/texmf-dist/fonts/type1/public/amsfonts/cm/cmr8.pfb></usr/loca
l/texlive/2014/texmf-dist/fonts/type1/public/amsfonts/cm/cmsy10.pfb></usr/local
/texlive/2014/texmf-dist/fonts/type1/public/amsfonts/cm/cmsy8.pfb></usr/local/t
exlive/2014/texmf-dist/fonts/type1/public/amsfonts/cm/cmti12.pfb></usr/local/te
xlive/2014/texmf-dist/fonts/type1/public/amsfonts/symbols/msbm10.pfb>
Output written on outline_for_alan.pdf (8 pages, 1009838 bytes).
PDF statistics:
 96 PDF objects out of 1000 (max. 8388607)
 51 compressed objects within 1 object stream
 0 named destinations out of 1000 (max. 500000)
 61 words of extra memory for PDF output out of 10000 (max. 10000000)

